<?xml version="1.0" encoding="UTF-8"?>
<!-- Generated by org.testng.reporters.JUnitXMLReporter -->
<testsuite ignored="3" hostname="DESKTOP-QMCSQFA" failures="0" tests="1" name="Default test" time="28.633" errors="0" timestamp="2024-10-25T22:31:47 IST">
  <testcase classname="Tests.LoginTest" name="validLogin" time="21.812"/>
  <testcase classname="Tests.LoginTest" name="userLoginRandom" time="0.0">
    <ignored/>
  </testcase> <!-- userLoginRandom -->
  <testcase classname="Tests.LoginTest" name="userLoginBlank" time="0.0">
    <ignored/>
  </testcase> <!-- userLoginBlank -->
  <testcase classname="Tests.LoginTest" name="zurückZumLogin" time="0.0">
    <ignored/>
  </testcase> <!-- zurückZumLogin -->
</testsuite> <!-- Default test -->
