<?xml version="1.0" encoding="UTF-8"?>
<!-- Generated by org.testng.reporters.JUnitXMLReporter -->
<testsuite ignored="0" hostname="DESKTOP-QMCSQFA" failures="0" tests="4" name="Test" time="105.386" errors="0" timestamp="2024-10-25T22:02:51 IST">
  <testcase classname="Tests.LoginTestShortRoute" name="userLoginBlank" time="18.819"/>
  <testcase classname="Tests.LoginTestShortRoute" name="userLoginRandom" time="15.566"/>
  <testcase classname="Tests.LoginTestShortRoute" name="validLogin" time="17.759"/>
  <testcase classname="Tests.LoginTestShortRoute" name="zurückZumLogin" time="21.272"/>
</testsuite> <!-- Test -->
