<?xml version="1.0" encoding="UTF-8"?>
<!-- Generated by org.testng.reporters.JUnitXMLReporter -->
<testsuite ignored="0" hostname="DESKTOP-QMCSQFA" failures="0" tests="2" name="TestEdge" time="182.698" errors="0" timestamp="2024-10-21T18:33:12 IST">
  <testcase classname="Tests.LoginTest" name="login" time="0.0">
    <skipped/>
  </testcase> <!-- login -->
  <testcase classname="Tests.LoginTest" name="login1" time="0.0">
    <skipped/>
  </testcase> <!-- login1 -->
</testsuite> <!-- TestEdge -->
