<?xml version="1.0" encoding="UTF-8"?>
<!-- Generated by org.testng.reporters.JUnitXMLReporter -->
<testsuite ignored="1" hostname="DESKTOP-QMCSQFA" failures="0" tests="2" name="TestChrome" time="57.965" errors="0" timestamp="2024-10-25T00:15:50 IST">
  <testcase classname="Tests.LoginTestShortRoute" name="randomUserNamePasswordLogin" time="18.733"/>
  <testcase classname="Tests.LoginTestShortRoute" name="rinvalidLogin" time="24.72"/>
  <testcase classname="Tests.LoginTestShortRoute" name="validLogin" time="0.0">
    <ignored/>
  </testcase> <!-- validLogin -->
</testsuite> <!-- TestChrome -->
