<?xml version="1.0" encoding="UTF-8"?>
<!-- Generated by org.testng.reporters.JUnitXMLReporter -->
<testsuite ignored="1" hostname="DESKTOP-QMCSQFA" failures="1" tests="1" name="Test(failed)" time="11.004" errors="0" timestamp="2024-10-21T05:03:25 IST">
  <testcase classname="Tests.LoginTest" name="login1" time="3.379">
    <failure type="java.lang.AssertionError" message="expected [true] but found [false]">
      <![CDATA[java.lang.AssertionError: expected [true] but found [false]
at Tests.LoginTest.login1(LoginTest.java:46)
at java.base/java.util.ArrayList.forEach(ArrayList.java:1596)
... Removed 29 stack frames]]>
    </failure>
  </testcase> <!-- login1 -->
  <testcase classname="Tests.LoginTest" name="login" time="0.0">
    <ignored/>
  </testcase> <!-- login -->
</testsuite> <!-- Test(failed) -->
