<?xml version="1.0" encoding="UTF-8"?>
<testng-results ignored="0" total="1" passed="1" failed="0" skipped="0">
  <reporter-output>
  </reporter-output>
  <suite started-at="2024-10-25T22:31:18 IST" name="Default suite" finished-at="2024-10-25T22:31:47 IST" duration-ms="28633">
    <groups>
    </groups>
    <test started-at="2024-10-25T22:31:18 IST" name="Default test" finished-at="2024-10-25T22:31:47 IST" duration-ms="28633">
      <class name="Tests.LoginTest">
        <test-method is-config="true" signature="setDriver()[pri:0, instance:Tests.LoginTest@233795b6]" started-at="2024-10-25T22:31:18 IST" name="setDriver" finished-at="2024-10-25T22:31:22 IST" duration-ms="4076" status="PASS">
          <reporter-output>
          </reporter-output>
        </test-method> <!-- setDriver -->
        <test-method is-config="true" signature="acceptAndContinue()[pri:0, instance:Tests.LoginTest@233795b6]" started-at="2024-10-25T22:31:22 IST" name="acceptAndContinue" finished-at="2024-10-25T22:31:24 IST" duration-ms="2013" status="PASS">
          <reporter-output>
          </reporter-output>
        </test-method> <!-- acceptAndContinue -->
        <test-method signature="validLogin()[pri:0, instance:Tests.LoginTest@233795b6]" started-at="2024-10-25T22:31:24 IST" name="validLogin" finished-at="2024-10-25T22:31:46 IST" duration-ms="21812" status="PASS">
          <reporter-output>
          </reporter-output>
        </test-method> <!-- validLogin -->
        <test-method is-config="true" signature="quitDriver()[pri:0, instance:Tests.LoginTest@233795b6]" started-at="2024-10-25T22:31:46 IST" name="quitDriver" finished-at="2024-10-25T22:31:47 IST" duration-ms="628" status="PASS">
          <reporter-output>
          </reporter-output>
        </test-method> <!-- quitDriver -->
      </class> <!-- Tests.LoginTest -->
    </test> <!-- Default test -->
  </suite> <!-- Default suite -->
</testng-results>
