<?xml version="1.0" encoding="UTF-8"?>
<!-- Generated by org.testng.reporters.JUnitReportReporter -->
<testsuite hostname="DESKTOP-QMCSQFA" failures="0" tests="4" name="Tests.LoginTestShortRoute" time="104.879" errors="0" timestamp="2024-10-25T22:02:51 IST" skipped="0">
  <testcase classname="Tests.LoginTestShortRoute" name="validLogin" time="23.099"/>
  <testcase classname="Tests.LoginTestShortRoute" name="userLoginRandom" time="30.218"/>
  <testcase classname="Tests.LoginTestShortRoute" name="userLoginBlank" time="24.304"/>
  <testcase classname="Tests.LoginTestShortRoute" name="zurückZumLogin" time="27.258"/>
</testsuite> <!-- Tests.LoginTestShortRoute -->
